app/build/intermediates/manifest_merge_blame_file/debug/manifest-merger-blame-debug-report.txt
1<?xml version="1.0" encoding="utf-8"?>
2<manifest xmlns:android="http://schemas.android.com/apk/res/android"
3    package="org.tensorflow.lite.examples.styletransfersample"
4    android:versionCode="1"
5    android:versionName="1.0" >
6
7    <uses-sdk
7-->src\main\AndroidManifest.xml:4:5-17
8        android:minSdkVersion="26"
8-->src\main\AndroidManifest.xml:4:5-17
9        android:targetSdkVersion="28" />
9-->src\main\AndroidManifest.xml:4:5-17
10
11    <uses-permission android:name="android.permission.CAMERA" />
11-->src\main\AndroidManifest.xml:5:5-65
11-->src\main\AndroidManifest.xml:5:22-62
12
13    <uses-feature android:name="android.hardware.camera.any" />
13-->src\main\AndroidManifest.xml:6:5-64
13-->src\main\AndroidManifest.xml:6:19-61
14
15    <application
15-->src\main\AndroidManifest.xml:7:5-20:19
16        android:allowBackup="true"
16-->src\main\AndroidManifest.xml:8:9-35
17        android:appComponentFactory="androidx.core.app.CoreComponentFactory"
17-->[androidx.core:core:1.2.0-alpha01] AndroidManifest.xml:22:18-86
18        android:debuggable="true"
19        android:extractNativeLibs="false"
20        android:icon="@mipmap/ic_launcher"
20-->src\main\AndroidManifest.xml:9:9-43
21        android:label="@string/app_name"
21-->src\main\AndroidManifest.xml:10:9-41
22        android:roundIcon="@mipmap/ic_launcher_round"
22-->src\main\AndroidManifest.xml:11:9-54
23        android:supportsRtl="true"
23-->src\main\AndroidManifest.xml:12:9-35
24        android:testOnly="true"
25        android:theme="@style/AppTheme" >
25-->src\main\AndroidManifest.xml:13:9-40
26        <activity
26-->src\main\AndroidManifest.xml:14:9-19:20
27            android:name="org.tensorflow.lite.examples.styletransfer.MainActivity"
27-->src\main\AndroidManifest.xml:14:19-47
28            android:exported="true" >
28-->src\main\AndroidManifest.xml:14:48-71
29            <intent-filter>
29-->src\main\AndroidManifest.xml:15:13-18:29
30                <action android:name="android.intent.action.MAIN" />
30-->src\main\AndroidManifest.xml:16:17-69
30-->src\main\AndroidManifest.xml:16:25-66
31
32                <category android:name="android.intent.category.LAUNCHER" />
32-->src\main\AndroidManifest.xml:17:17-77
32-->src\main\AndroidManifest.xml:17:27-74
33            </intent-filter>
34        </activity>
35
36        <provider
36-->[androidx.camera:camera-camera2:1.0.0-alpha02] AndroidManifest.xml:25:9-30:43
37            android:name="androidx.camera.camera2.impl.Camera2Initializer"
37-->[androidx.camera:camera-camera2:1.0.0-alpha02] AndroidManifest.xml:26:13-75
38            android:authorities="org.tensorflow.lite.examples.styletransfersample.camerax-init"
38-->[androidx.camera:camera-camera2:1.0.0-alpha02] AndroidManifest.xml:27:13-64
39            android:exported="false"
39-->[androidx.camera:camera-camera2:1.0.0-alpha02] AndroidManifest.xml:28:13-37
40            android:initOrder="100"
40-->[androidx.camera:camera-camera2:1.0.0-alpha02] AndroidManifest.xml:29:13-36
41            android:multiprocess="true" />
41-->[androidx.camera:camera-camera2:1.0.0-alpha02] AndroidManifest.xml:30:13-40
42        <provider
42-->[androidx.lifecycle:lifecycle-process:2.1.0-alpha02] AndroidManifest.xml:23:9-27:43
43            android:name="androidx.lifecycle.ProcessLifecycleOwnerInitializer"
43-->[androidx.lifecycle:lifecycle-process:2.1.0-alpha02] AndroidManifest.xml:24:13-79
44            android:authorities="org.tensorflow.lite.examples.styletransfersample.lifecycle-process"
44-->[androidx.lifecycle:lifecycle-process:2.1.0-alpha02] AndroidManifest.xml:25:13-69
45            android:exported="false"
45-->[androidx.lifecycle:lifecycle-process:2.1.0-alpha02] AndroidManifest.xml:26:13-37
46            android:multiprocess="true" />
46-->[androidx.lifecycle:lifecycle-process:2.1.0-alpha02] AndroidManifest.xml:27:13-40
47    </application>
48
49</manifest>